TN:
SF:quickfiles\__init__.py
DA:1,1,JnhEc+v4ML9Fa2HVLhdCyw
DA:2,1,pjsxogWqNuIPHtDIXLLZxg
DA:4,1,IuL1OnLbFtAXqf8lF5exKg
DA:5,1,PcqX9iasTbPbQJ+7Ski8sg
LF:4
LH:4
end_of_record
TN:
SF:quickfiles\quickfiles.py
DA:1,1,vMrxkmi6BodukxNtyN/WnA
DA:2,1,7Z9Lj4ed27Wf2hBX6jooEA
DA:5,1,6AGOYXkH1xiBPzybm9+OWw
DA:6,1,HpF38e8Aka0ULip5VVPswg
DA:7,1,ntbaRY/MQzuGR7WUy10GrQ
DA:10,1,eJbHbK8pHxFws6oSKxWqfQ
DA:22,1,uxbKxP5sAq+ky6rh0Y9Rjw
DA:25,1,OjYTMMUDT2m1eU/pMKgG2w
DA:26,1,XrwI00UgucGzdbvyYY9kYw
DA:28,1,jSfzG5P1m5fzkedfk2hcHQ
DA:23,0,zAsYOybarXWhlYYawT3WWg
DA:37,0,uxbKxP5sAq+ky6rh0Y9Rjw
DA:38,0,zAsYOybarXWhlYYawT3WWg
DA:40,0,rhCkdTkaO7m1tjyhhRAx7g
DA:41,0,hR1akfwuofA5yiUDdy2enA
LF:15
LH:10
end_of_record
