TN:
SF:versions\__init__.py
DA:1,1,WFpnTNQXcB9r1wCkItn3bw
DA:2,1,SPg94vVuFhofbjxaF9VM7g
DA:4,0,SI7wfiL0T038Qs6EW4+iGw
DA:5,0,ht+FjPSsan4eGbyMsowG6A
LF:4
LH:2
end_of_record
TN:
SF:versions\quickfiles.py
DA:1,1,vMrxkmi6BodukxNtyN/WnA
DA:2,1,7Z9Lj4ed27Wf2hBX6jooEA
DA:5,1,6AGOYXkH1xiBPzybm9+OWw
DA:6,1,HpF38e8Aka0ULip5VVPswg
DA:7,1,ntbaRY/MQzuGR7WUy10GrQ
DA:10,1,eJbHbK8pHxFws6oSKxWqfQ
DA:28,1,jSfzG5P1m5fzkedfk2hcHQ
DA:22,0,uxbKxP5sAq+ky6rh0Y9Rjw
DA:23,0,zAsYOybarXWhlYYawT3WWg
DA:25,0,OjYTMMUDT2m1eU/pMKgG2w
DA:26,0,XrwI00UgucGzdbvyYY9kYw
DA:37,0,rhCkdTkaO7m1tjyhhRAx7g
DA:38,0,hR1akfwuofA5yiUDdy2enA
LF:13
LH:7
end_of_record
